<?xml version="1.0" encoding="UTF-8"?>
<testsuite xmlns:xsi="http://www.w3.org/2001/XMLSchema-instance" xsi:noNamespaceSchemaLocation="https://maven.apache.org/surefire/maven-surefire-plugin/xsd/surefire-test-report-3.0.xsd" version="3.0" name="XSpace_Regression.MainSuite" time="41.102" tests="30" errors="0" skipped="29" failures="1">
  <properties>
    <property name="java.specification.version" value="19"/>
    <property name="webdriver.chrome.driver" value="/Users/muzammilqamar/Downloads/chromedriver-mac-arm64/chromedriver"/>
    <property name="sun.jnu.encoding" value="UTF-8"/>
    <property name="java.class.path" value="/Users/muzammilqamar/IdeaProjects/XSpaceWebAutomation/target/test-classes:/Users/muzammilqamar/IdeaProjects/XSpaceWebAutomation/target/classes:/Users/muzammilqamar/.m2/repository/org/seleniumhq/selenium/selenium-java/4.8.3/selenium-java-4.8.3.jar:/Users/muzammilqamar/.m2/repository/org/seleniumhq/selenium/selenium-api/4.8.3/selenium-api-4.8.3.jar:/Users/muzammilqamar/.m2/repository/org/seleniumhq/selenium/selenium-chrome-driver/4.8.3/selenium-chrome-driver-4.8.3.jar:/Users/muzammilqamar/.m2/repository/com/google/auto/service/auto-service-annotations/1.0.1/auto-service-annotations-1.0.1.jar:/Users/muzammilqamar/.m2/repository/com/google/auto/service/auto-service/1.0.1/auto-service-1.0.1.jar:/Users/muzammilqamar/.m2/repository/com/google/auto/auto-common/1.2/auto-common-1.2.jar:/Users/muzammilqamar/.m2/repository/com/google/guava/guava/31.1-jre/guava-31.1-jre.jar:/Users/muzammilqamar/.m2/repository/com/google/guava/failureaccess/1.0.1/failureaccess-1.0.1.jar:/Users/muzammilqamar/.m2/repository/com/google/guava/listenablefuture/9999.0-empty-to-avoid-conflict-with-guava/listenablefuture-9999.0-empty-to-avoid-conflict-with-guava.jar:/Users/muzammilqamar/.m2/repository/com/google/code/findbugs/jsr305/3.0.2/jsr305-3.0.2.jar:/Users/muzammilqamar/.m2/repository/org/checkerframework/checker-qual/3.12.0/checker-qual-3.12.0.jar:/Users/muzammilqamar/.m2/repository/com/google/errorprone/error_prone_annotations/2.11.0/error_prone_annotations-2.11.0.jar:/Users/muzammilqamar/.m2/repository/com/google/j2objc/j2objc-annotations/1.3/j2objc-annotations-1.3.jar:/Users/muzammilqamar/.m2/repository/org/seleniumhq/selenium/selenium-chromium-driver/4.8.3/selenium-chromium-driver-4.8.3.jar:/Users/muzammilqamar/.m2/repository/org/seleniumhq/selenium/selenium-json/4.8.3/selenium-json-4.8.3.jar:/Users/muzammilqamar/.m2/repository/org/seleniumhq/selenium/selenium-manager/4.8.3/selenium-manager-4.8.3.jar:/Users/muzammilqamar/.m2/repository/org/seleniumhq/selenium/selenium-devtools-v109/4.8.3/selenium-devtools-v109-4.8.3.jar:/Users/muzammilqamar/.m2/repository/org/seleniumhq/selenium/selenium-devtools-v110/4.8.3/selenium-devtools-v110-4.8.3.jar:/Users/muzammilqamar/.m2/repository/org/seleniumhq/selenium/selenium-devtools-v111/4.8.3/selenium-devtools-v111-4.8.3.jar:/Users/muzammilqamar/.m2/repository/org/seleniumhq/selenium/selenium-devtools-v85/4.8.3/selenium-devtools-v85-4.8.3.jar:/Users/muzammilqamar/.m2/repository/org/seleniumhq/selenium/selenium-edge-driver/4.8.3/selenium-edge-driver-4.8.3.jar:/Users/muzammilqamar/.m2/repository/org/seleniumhq/selenium/selenium-firefox-driver/4.8.3/selenium-firefox-driver-4.8.3.jar:/Users/muzammilqamar/.m2/repository/org/seleniumhq/selenium/selenium-http/4.8.3/selenium-http-4.8.3.jar:/Users/muzammilqamar/.m2/repository/dev/failsafe/failsafe/3.3.1/failsafe-3.3.1.jar:/Users/muzammilqamar/.m2/repository/org/seleniumhq/selenium/selenium-ie-driver/4.8.3/selenium-ie-driver-4.8.3.jar:/Users/muzammilqamar/.m2/repository/org/seleniumhq/selenium/selenium-remote-driver/4.8.3/selenium-remote-driver-4.8.3.jar:/Users/muzammilqamar/.m2/repository/io/netty/netty-buffer/4.1.90.Final/netty-buffer-4.1.90.Final.jar:/Users/muzammilqamar/.m2/repository/io/netty/netty-codec-http/4.1.90.Final/netty-codec-http-4.1.90.Final.jar:/Users/muzammilqamar/.m2/repository/io/netty/netty-codec/4.1.90.Final/netty-codec-4.1.90.Final.jar:/Users/muzammilqamar/.m2/repository/io/netty/netty-handler/4.1.90.Final/netty-handler-4.1.90.Final.jar:/Users/muzammilqamar/.m2/repository/io/netty/netty-common/4.1.90.Final/netty-common-4.1.90.Final.jar:/Users/muzammilqamar/.m2/repository/io/netty/netty-transport-classes-epoll/4.1.90.Final/netty-transport-classes-epoll-4.1.90.Final.jar:/Users/muzammilqamar/.m2/repository/io/netty/netty-transport-classes-kqueue/4.1.90.Final/netty-transport-classes-kqueue-4.1.90.Final.jar:/Users/muzammilqamar/.m2/repository/io/netty/netty-transport-native-epoll/4.1.90.Final/netty-transport-native-epoll-4.1.90.Final.jar:/Users/muzammilqamar/.m2/repository/io/netty/netty-transport-native-kqueue/4.1.90.Final/netty-transport-native-kqueue-4.1.90.Final.jar:/Users/muzammilqamar/.m2/repository/io/netty/netty-transport-native-unix-common/4.1.90.Final/netty-transport-native-unix-common-4.1.90.Final.jar:/Users/muzammilqamar/.m2/repository/io/netty/netty-transport/4.1.90.Final/netty-transport-4.1.90.Final.jar:/Users/muzammilqamar/.m2/repository/io/netty/netty-resolver/4.1.90.Final/netty-resolver-4.1.90.Final.jar:/Users/muzammilqamar/.m2/repository/io/opentelemetry/opentelemetry-api/1.24.0/opentelemetry-api-1.24.0.jar:/Users/muzammilqamar/.m2/repository/io/opentelemetry/opentelemetry-context/1.24.0/opentelemetry-context-1.24.0.jar:/Users/muzammilqamar/.m2/repository/io/opentelemetry/opentelemetry-exporter-logging/1.24.0/opentelemetry-exporter-logging-1.24.0.jar:/Users/muzammilqamar/.m2/repository/io/opentelemetry/opentelemetry-sdk-metrics/1.24.0/opentelemetry-sdk-metrics-1.24.0.jar:/Users/muzammilqamar/.m2/repository/io/opentelemetry/opentelemetry-sdk-logs/1.24.0-alpha/opentelemetry-sdk-logs-1.24.0-alpha.jar:/Users/muzammilqamar/.m2/repository/io/opentelemetry/opentelemetry-api-logs/1.24.0-alpha/opentelemetry-api-logs-1.24.0-alpha.jar:/Users/muzammilqamar/.m2/repository/io/opentelemetry/opentelemetry-api-events/1.24.0-alpha/opentelemetry-api-events-1.24.0-alpha.jar:/Users/muzammilqamar/.m2/repository/io/opentelemetry/opentelemetry-sdk-common/1.24.0/opentelemetry-sdk-common-1.24.0.jar:/Users/muzammilqamar/.m2/repository/io/opentelemetry/opentelemetry-sdk-extension-autoconfigure-spi/1.24.0/opentelemetry-sdk-extension-autoconfigure-spi-1.24.0.jar:/Users/muzammilqamar/.m2/repository/io/opentelemetry/opentelemetry-sdk-extension-autoconfigure/1.24.0-alpha/opentelemetry-sdk-extension-autoconfigure-1.24.0-alpha.jar:/Users/muzammilqamar/.m2/repository/io/opentelemetry/opentelemetry-sdk-trace/1.24.0/opentelemetry-sdk-trace-1.24.0.jar:/Users/muzammilqamar/.m2/repository/io/opentelemetry/opentelemetry-sdk/1.24.0/opentelemetry-sdk-1.24.0.jar:/Users/muzammilqamar/.m2/repository/io/opentelemetry/opentelemetry-semconv/1.24.0-alpha/opentelemetry-semconv-1.24.0-alpha.jar:/Users/muzammilqamar/.m2/repository/io/ous/jtoml/2.0.0/jtoml-2.0.0.jar:/Users/muzammilqamar/.m2/repository/net/bytebuddy/byte-buddy/1.14.2/byte-buddy-1.14.2.jar:/Users/muzammilqamar/.m2/repository/org/apache/commons/commons-exec/1.3/commons-exec-1.3.jar:/Users/muzammilqamar/.m2/repository/org/asynchttpclient/async-http-client/2.12.3/async-http-client-2.12.3.jar:/Users/muzammilqamar/.m2/repository/org/asynchttpclient/async-http-client-netty-utils/2.12.3/async-http-client-netty-utils-2.12.3.jar:/Users/muzammilqamar/.m2/repository/io/netty/netty-codec-socks/4.1.60.Final/netty-codec-socks-4.1.60.Final.jar:/Users/muzammilqamar/.m2/repository/io/netty/netty-handler-proxy/4.1.60.Final/netty-handler-proxy-4.1.60.Final.jar:/Users/muzammilqamar/.m2/repository/io/netty/netty-transport-native-epoll/4.1.60.Final/netty-transport-native-epoll-4.1.60.Final-linux-x86_64.jar:/Users/muzammilqamar/.m2/repository/io/netty/netty-transport-native-kqueue/4.1.60.Final/netty-transport-native-kqueue-4.1.60.Final-osx-x86_64.jar:/Users/muzammilqamar/.m2/repository/org/reactivestreams/reactive-streams/1.0.3/reactive-streams-1.0.3.jar:/Users/muzammilqamar/.m2/repository/com/typesafe/netty/netty-reactive-streams/2.0.4/netty-reactive-streams-2.0.4.jar:/Users/muzammilqamar/.m2/repository/com/sun/activation/jakarta.activation/1.2.2/jakarta.activation-1.2.2.jar:/Users/muzammilqamar/.m2/repository/org/seleniumhq/selenium/selenium-safari-driver/4.8.3/selenium-safari-driver-4.8.3.jar:/Users/muzammilqamar/.m2/repository/org/seleniumhq/selenium/selenium-support/4.8.3/selenium-support-4.8.3.jar:/Users/muzammilqamar/.m2/repository/org/testng/testng/7.7.0/testng-7.7.0.jar:/Users/muzammilqamar/.m2/repository/org/slf4j/slf4j-api/1.7.36/slf4j-api-1.7.36.jar:/Users/muzammilqamar/.m2/repository/com/beust/jcommander/1.82/jcommander-1.82.jar:/Users/muzammilqamar/.m2/repository/org/webjars/jquery/3.6.1/jquery-3.6.1.jar:/Users/muzammilqamar/.m2/repository/io/qameta/allure/allure-testng/2.17.3/allure-testng-2.17.3.jar:/Users/muzammilqamar/.m2/repository/io/qameta/allure/allure-java-commons/2.17.3/allure-java-commons-2.17.3.jar:/Users/muzammilqamar/.m2/repository/io/qameta/allure/allure-model/2.17.3/allure-model-2.17.3.jar:/Users/muzammilqamar/.m2/repository/io/qameta/allure/allure-test-filter/2.17.3/allure-test-filter-2.17.3.jar:/Users/muzammilqamar/.m2/repository/io/github/bonigarcia/webdrivermanager/5.3.2/webdrivermanager-5.3.2.jar:/Users/muzammilqamar/.m2/repository/com/google/code/gson/gson/2.10.1/gson-2.10.1.jar:/Users/muzammilqamar/.m2/repository/com/github/docker-java/docker-java/3.2.14/docker-java-3.2.14.jar:/Users/muzammilqamar/.m2/repository/com/github/docker-java/docker-java-core/3.2.14/docker-java-core-3.2.14.jar:/Users/muzammilqamar/.m2/repository/com/github/docker-java/docker-java-api/3.2.14/docker-java-api-3.2.14.jar:/Users/muzammilqamar/.m2/repository/com/fasterxml/jackson/core/jackson-annotations/2.10.3/jackson-annotations-2.10.3.jar:/Users/muzammilqamar/.m2/repository/commons-io/commons-io/2.6/commons-io-2.6.jar:/Users/muzammilqamar/.m2/repository/org/apache/commons/commons-compress/1.21/commons-compress-1.21.jar:/Users/muzammilqamar/.m2/repository/com/fasterxml/jackson/core/jackson-databind/2.10.3/jackson-databind-2.10.3.jar:/Users/muzammilqamar/.m2/repository/com/fasterxml/jackson/core/jackson-core/2.10.3/jackson-core-2.10.3.jar:/Users/muzammilqamar/.m2/repository/org/bouncycastle/bcpkix-jdk15on/1.64/bcpkix-jdk15on-1.64.jar:/Users/muzammilqamar/.m2/repository/org/bouncycastle/bcprov-jdk15on/1.64/bcprov-jdk15on-1.64.jar:/Users/muzammilqamar/.m2/repository/org/slf4j/jcl-over-slf4j/1.7.30/jcl-over-slf4j-1.7.30.jar:/Users/muzammilqamar/.m2/repository/com/github/docker-java/docker-java-transport-httpclient5/3.2.14/docker-java-transport-httpclient5-3.2.14.jar:/Users/muzammilqamar/.m2/repository/com/github/docker-java/docker-java-transport/3.2.14/docker-java-transport-3.2.14.jar:/Users/muzammilqamar/.m2/repository/net/java/dev/jna/jna/5.12.1/jna-5.12.1.jar:/Users/muzammilqamar/.m2/repository/org/brotli/dec/0.1.2/dec-0.1.2.jar:/Users/muzammilqamar/.m2/repository/org/apache/commons/commons-lang3/3.12.0/commons-lang3-3.12.0.jar:/Users/muzammilqamar/.m2/repository/org/apache/httpcomponents/client5/httpclient5/5.2.1/httpclient5-5.2.1.jar:/Users/muzammilqamar/.m2/repository/org/apache/httpcomponents/core5/httpcore5/5.2/httpcore5-5.2.jar:/Users/muzammilqamar/.m2/repository/org/apache/httpcomponents/core5/httpcore5-h2/5.2/httpcore5-h2-5.2.jar:"/>
    <property name="java.vm.vendor" value="Oracle Corporation"/>
    <property name="sun.arch.data.model" value="64"/>
    <property name="java.vendor.url" value="https://java.oracle.com/"/>
    <property name="user.timezone" value="Asia/Karachi"/>
    <property name="os.name" value="Mac OS X"/>
    <property name="java.vm.specification.version" value="19"/>
    <property name="sun.java.launcher" value="SUN_STANDARD"/>
    <property name="user.country" value="US"/>
    <property name="sun.boot.library.path" value="/Users/muzammilqamar/Library/Java/JavaVirtualMachines/openjdk-19.0.1/Contents/Home/lib"/>
    <property name="sun.java.command" value="/Users/muzammilqamar/IdeaProjects/XSpaceWebAutomation/target/surefire/surefirebooter10921907621134298394.jar /Users/muzammilqamar/IdeaProjects/XSpaceWebAutomation/target/surefire 2023-11-27T18-31-21_075-jvmRun1 surefire6052666829405197476tmp surefire_07084883427731405345tmp"/>
    <property name="jdk.debug" value="release"/>
    <property name="test" value="MainSuite"/>
    <property name="surefire.test.class.path" value="/Users/muzammilqamar/IdeaProjects/XSpaceWebAutomation/target/test-classes:/Users/muzammilqamar/IdeaProjects/XSpaceWebAutomation/target/classes:/Users/muzammilqamar/.m2/repository/org/seleniumhq/selenium/selenium-java/4.8.3/selenium-java-4.8.3.jar:/Users/muzammilqamar/.m2/repository/org/seleniumhq/selenium/selenium-api/4.8.3/selenium-api-4.8.3.jar:/Users/muzammilqamar/.m2/repository/org/seleniumhq/selenium/selenium-chrome-driver/4.8.3/selenium-chrome-driver-4.8.3.jar:/Users/muzammilqamar/.m2/repository/com/google/auto/service/auto-service-annotations/1.0.1/auto-service-annotations-1.0.1.jar:/Users/muzammilqamar/.m2/repository/com/google/auto/service/auto-service/1.0.1/auto-service-1.0.1.jar:/Users/muzammilqamar/.m2/repository/com/google/auto/auto-common/1.2/auto-common-1.2.jar:/Users/muzammilqamar/.m2/repository/com/google/guava/guava/31.1-jre/guava-31.1-jre.jar:/Users/muzammilqamar/.m2/repository/com/google/guava/failureaccess/1.0.1/failureaccess-1.0.1.jar:/Users/muzammilqamar/.m2/repository/com/google/guava/listenablefuture/9999.0-empty-to-avoid-conflict-with-guava/listenablefuture-9999.0-empty-to-avoid-conflict-with-guava.jar:/Users/muzammilqamar/.m2/repository/com/google/code/findbugs/jsr305/3.0.2/jsr305-3.0.2.jar:/Users/muzammilqamar/.m2/repository/org/checkerframework/checker-qual/3.12.0/checker-qual-3.12.0.jar:/Users/muzammilqamar/.m2/repository/com/google/errorprone/error_prone_annotations/2.11.0/error_prone_annotations-2.11.0.jar:/Users/muzammilqamar/.m2/repository/com/google/j2objc/j2objc-annotations/1.3/j2objc-annotations-1.3.jar:/Users/muzammilqamar/.m2/repository/org/seleniumhq/selenium/selenium-chromium-driver/4.8.3/selenium-chromium-driver-4.8.3.jar:/Users/muzammilqamar/.m2/repository/org/seleniumhq/selenium/selenium-json/4.8.3/selenium-json-4.8.3.jar:/Users/muzammilqamar/.m2/repository/org/seleniumhq/selenium/selenium-manager/4.8.3/selenium-manager-4.8.3.jar:/Users/muzammilqamar/.m2/repository/org/seleniumhq/selenium/selenium-devtools-v109/4.8.3/selenium-devtools-v109-4.8.3.jar:/Users/muzammilqamar/.m2/repository/org/seleniumhq/selenium/selenium-devtools-v110/4.8.3/selenium-devtools-v110-4.8.3.jar:/Users/muzammilqamar/.m2/repository/org/seleniumhq/selenium/selenium-devtools-v111/4.8.3/selenium-devtools-v111-4.8.3.jar:/Users/muzammilqamar/.m2/repository/org/seleniumhq/selenium/selenium-devtools-v85/4.8.3/selenium-devtools-v85-4.8.3.jar:/Users/muzammilqamar/.m2/repository/org/seleniumhq/selenium/selenium-edge-driver/4.8.3/selenium-edge-driver-4.8.3.jar:/Users/muzammilqamar/.m2/repository/org/seleniumhq/selenium/selenium-firefox-driver/4.8.3/selenium-firefox-driver-4.8.3.jar:/Users/muzammilqamar/.m2/repository/org/seleniumhq/selenium/selenium-http/4.8.3/selenium-http-4.8.3.jar:/Users/muzammilqamar/.m2/repository/dev/failsafe/failsafe/3.3.1/failsafe-3.3.1.jar:/Users/muzammilqamar/.m2/repository/org/seleniumhq/selenium/selenium-ie-driver/4.8.3/selenium-ie-driver-4.8.3.jar:/Users/muzammilqamar/.m2/repository/org/seleniumhq/selenium/selenium-remote-driver/4.8.3/selenium-remote-driver-4.8.3.jar:/Users/muzammilqamar/.m2/repository/io/netty/netty-buffer/4.1.90.Final/netty-buffer-4.1.90.Final.jar:/Users/muzammilqamar/.m2/repository/io/netty/netty-codec-http/4.1.90.Final/netty-codec-http-4.1.90.Final.jar:/Users/muzammilqamar/.m2/repository/io/netty/netty-codec/4.1.90.Final/netty-codec-4.1.90.Final.jar:/Users/muzammilqamar/.m2/repository/io/netty/netty-handler/4.1.90.Final/netty-handler-4.1.90.Final.jar:/Users/muzammilqamar/.m2/repository/io/netty/netty-common/4.1.90.Final/netty-common-4.1.90.Final.jar:/Users/muzammilqamar/.m2/repository/io/netty/netty-transport-classes-epoll/4.1.90.Final/netty-transport-classes-epoll-4.1.90.Final.jar:/Users/muzammilqamar/.m2/repository/io/netty/netty-transport-classes-kqueue/4.1.90.Final/netty-transport-classes-kqueue-4.1.90.Final.jar:/Users/muzammilqamar/.m2/repository/io/netty/netty-transport-native-epoll/4.1.90.Final/netty-transport-native-epoll-4.1.90.Final.jar:/Users/muzammilqamar/.m2/repository/io/netty/netty-transport-native-kqueue/4.1.90.Final/netty-transport-native-kqueue-4.1.90.Final.jar:/Users/muzammilqamar/.m2/repository/io/netty/netty-transport-native-unix-common/4.1.90.Final/netty-transport-native-unix-common-4.1.90.Final.jar:/Users/muzammilqamar/.m2/repository/io/netty/netty-transport/4.1.90.Final/netty-transport-4.1.90.Final.jar:/Users/muzammilqamar/.m2/repository/io/netty/netty-resolver/4.1.90.Final/netty-resolver-4.1.90.Final.jar:/Users/muzammilqamar/.m2/repository/io/opentelemetry/opentelemetry-api/1.24.0/opentelemetry-api-1.24.0.jar:/Users/muzammilqamar/.m2/repository/io/opentelemetry/opentelemetry-context/1.24.0/opentelemetry-context-1.24.0.jar:/Users/muzammilqamar/.m2/repository/io/opentelemetry/opentelemetry-exporter-logging/1.24.0/opentelemetry-exporter-logging-1.24.0.jar:/Users/muzammilqamar/.m2/repository/io/opentelemetry/opentelemetry-sdk-metrics/1.24.0/opentelemetry-sdk-metrics-1.24.0.jar:/Users/muzammilqamar/.m2/repository/io/opentelemetry/opentelemetry-sdk-logs/1.24.0-alpha/opentelemetry-sdk-logs-1.24.0-alpha.jar:/Users/muzammilqamar/.m2/repository/io/opentelemetry/opentelemetry-api-logs/1.24.0-alpha/opentelemetry-api-logs-1.24.0-alpha.jar:/Users/muzammilqamar/.m2/repository/io/opentelemetry/opentelemetry-api-events/1.24.0-alpha/opentelemetry-api-events-1.24.0-alpha.jar:/Users/muzammilqamar/.m2/repository/io/opentelemetry/opentelemetry-sdk-common/1.24.0/opentelemetry-sdk-common-1.24.0.jar:/Users/muzammilqamar/.m2/repository/io/opentelemetry/opentelemetry-sdk-extension-autoconfigure-spi/1.24.0/opentelemetry-sdk-extension-autoconfigure-spi-1.24.0.jar:/Users/muzammilqamar/.m2/repository/io/opentelemetry/opentelemetry-sdk-extension-autoconfigure/1.24.0-alpha/opentelemetry-sdk-extension-autoconfigure-1.24.0-alpha.jar:/Users/muzammilqamar/.m2/repository/io/opentelemetry/opentelemetry-sdk-trace/1.24.0/opentelemetry-sdk-trace-1.24.0.jar:/Users/muzammilqamar/.m2/repository/io/opentelemetry/opentelemetry-sdk/1.24.0/opentelemetry-sdk-1.24.0.jar:/Users/muzammilqamar/.m2/repository/io/opentelemetry/opentelemetry-semconv/1.24.0-alpha/opentelemetry-semconv-1.24.0-alpha.jar:/Users/muzammilqamar/.m2/repository/io/ous/jtoml/2.0.0/jtoml-2.0.0.jar:/Users/muzammilqamar/.m2/repository/net/bytebuddy/byte-buddy/1.14.2/byte-buddy-1.14.2.jar:/Users/muzammilqamar/.m2/repository/org/apache/commons/commons-exec/1.3/commons-exec-1.3.jar:/Users/muzammilqamar/.m2/repository/org/asynchttpclient/async-http-client/2.12.3/async-http-client-2.12.3.jar:/Users/muzammilqamar/.m2/repository/org/asynchttpclient/async-http-client-netty-utils/2.12.3/async-http-client-netty-utils-2.12.3.jar:/Users/muzammilqamar/.m2/repository/io/netty/netty-codec-socks/4.1.60.Final/netty-codec-socks-4.1.60.Final.jar:/Users/muzammilqamar/.m2/repository/io/netty/netty-handler-proxy/4.1.60.Final/netty-handler-proxy-4.1.60.Final.jar:/Users/muzammilqamar/.m2/repository/io/netty/netty-transport-native-epoll/4.1.60.Final/netty-transport-native-epoll-4.1.60.Final-linux-x86_64.jar:/Users/muzammilqamar/.m2/repository/io/netty/netty-transport-native-kqueue/4.1.60.Final/netty-transport-native-kqueue-4.1.60.Final-osx-x86_64.jar:/Users/muzammilqamar/.m2/repository/org/reactivestreams/reactive-streams/1.0.3/reactive-streams-1.0.3.jar:/Users/muzammilqamar/.m2/repository/com/typesafe/netty/netty-reactive-streams/2.0.4/netty-reactive-streams-2.0.4.jar:/Users/muzammilqamar/.m2/repository/com/sun/activation/jakarta.activation/1.2.2/jakarta.activation-1.2.2.jar:/Users/muzammilqamar/.m2/repository/org/seleniumhq/selenium/selenium-safari-driver/4.8.3/selenium-safari-driver-4.8.3.jar:/Users/muzammilqamar/.m2/repository/org/seleniumhq/selenium/selenium-support/4.8.3/selenium-support-4.8.3.jar:/Users/muzammilqamar/.m2/repository/org/testng/testng/7.7.0/testng-7.7.0.jar:/Users/muzammilqamar/.m2/repository/org/slf4j/slf4j-api/1.7.36/slf4j-api-1.7.36.jar:/Users/muzammilqamar/.m2/repository/com/beust/jcommander/1.82/jcommander-1.82.jar:/Users/muzammilqamar/.m2/repository/org/webjars/jquery/3.6.1/jquery-3.6.1.jar:/Users/muzammilqamar/.m2/repository/io/qameta/allure/allure-testng/2.17.3/allure-testng-2.17.3.jar:/Users/muzammilqamar/.m2/repository/io/qameta/allure/allure-java-commons/2.17.3/allure-java-commons-2.17.3.jar:/Users/muzammilqamar/.m2/repository/io/qameta/allure/allure-model/2.17.3/allure-model-2.17.3.jar:/Users/muzammilqamar/.m2/repository/io/qameta/allure/allure-test-filter/2.17.3/allure-test-filter-2.17.3.jar:/Users/muzammilqamar/.m2/repository/io/github/bonigarcia/webdrivermanager/5.3.2/webdrivermanager-5.3.2.jar:/Users/muzammilqamar/.m2/repository/com/google/code/gson/gson/2.10.1/gson-2.10.1.jar:/Users/muzammilqamar/.m2/repository/com/github/docker-java/docker-java/3.2.14/docker-java-3.2.14.jar:/Users/muzammilqamar/.m2/repository/com/github/docker-java/docker-java-core/3.2.14/docker-java-core-3.2.14.jar:/Users/muzammilqamar/.m2/repository/com/github/docker-java/docker-java-api/3.2.14/docker-java-api-3.2.14.jar:/Users/muzammilqamar/.m2/repository/com/fasterxml/jackson/core/jackson-annotations/2.10.3/jackson-annotations-2.10.3.jar:/Users/muzammilqamar/.m2/repository/commons-io/commons-io/2.6/commons-io-2.6.jar:/Users/muzammilqamar/.m2/repository/org/apache/commons/commons-compress/1.21/commons-compress-1.21.jar:/Users/muzammilqamar/.m2/repository/com/fasterxml/jackson/core/jackson-databind/2.10.3/jackson-databind-2.10.3.jar:/Users/muzammilqamar/.m2/repository/com/fasterxml/jackson/core/jackson-core/2.10.3/jackson-core-2.10.3.jar:/Users/muzammilqamar/.m2/repository/org/bouncycastle/bcpkix-jdk15on/1.64/bcpkix-jdk15on-1.64.jar:/Users/muzammilqamar/.m2/repository/org/bouncycastle/bcprov-jdk15on/1.64/bcprov-jdk15on-1.64.jar:/Users/muzammilqamar/.m2/repository/org/slf4j/jcl-over-slf4j/1.7.30/jcl-over-slf4j-1.7.30.jar:/Users/muzammilqamar/.m2/repository/com/github/docker-java/docker-java-transport-httpclient5/3.2.14/docker-java-transport-httpclient5-3.2.14.jar:/Users/muzammilqamar/.m2/repository/com/github/docker-java/docker-java-transport/3.2.14/docker-java-transport-3.2.14.jar:/Users/muzammilqamar/.m2/repository/net/java/dev/jna/jna/5.12.1/jna-5.12.1.jar:/Users/muzammilqamar/.m2/repository/org/brotli/dec/0.1.2/dec-0.1.2.jar:/Users/muzammilqamar/.m2/repository/org/apache/commons/commons-lang3/3.12.0/commons-lang3-3.12.0.jar:/Users/muzammilqamar/.m2/repository/org/apache/httpcomponents/client5/httpclient5/5.2.1/httpclient5-5.2.1.jar:/Users/muzammilqamar/.m2/repository/org/apache/httpcomponents/core5/httpcore5/5.2/httpcore5-5.2.jar:/Users/muzammilqamar/.m2/repository/org/apache/httpcomponents/core5/httpcore5-h2/5.2/httpcore5-h2-5.2.jar:"/>
    <property name="sun.cpu.endian" value="little"/>
    <property name="user.home" value="/Users/muzammilqamar"/>
    <property name="user.language" value="en"/>
    <property name="java.specification.vendor" value="Oracle Corporation"/>
    <property name="java.version.date" value="2022-10-18"/>
    <property name="java.home" value="/Users/muzammilqamar/Library/Java/JavaVirtualMachines/openjdk-19.0.1/Contents/Home"/>
    <property name="file.separator" value="/"/>
    <property name="basedir" value="/Users/muzammilqamar/IdeaProjects/XSpaceWebAutomation"/>
    <property name="java.vm.compressedOopsMode" value="Zero based"/>
    <property name="line.separator" value="&#10;"/>
    <property name="java.vm.specification.vendor" value="Oracle Corporation"/>
    <property name="java.specification.name" value="Java Platform API Specification"/>
    <property name="apple.awt.application.name" value="ForkedBooter"/>
    <property name="surefire.real.class.path" value="/Users/muzammilqamar/IdeaProjects/XSpaceWebAutomation/target/surefire/surefirebooter10921907621134298394.jar"/>
    <property name="sun.management.compiler" value="HotSpot 64-Bit Tiered Compilers"/>
    <property name="java.runtime.version" value="19.0.1+10-21"/>
    <property name="user.name" value="muzammilqamar"/>
    <property name="stdout.encoding" value="UTF-8"/>
    <property name="path.separator" value=":"/>
    <property name="os.version" value="12.5"/>
    <property name="java.runtime.name" value="OpenJDK Runtime Environment"/>
    <property name="file.encoding" value="UTF-8"/>
    <property name="java.vm.name" value="OpenJDK 64-Bit Server VM"/>
    <property name="localRepository" value="/Users/muzammilqamar/.m2/repository"/>
    <property name="java.vendor.url.bug" value="https://bugreport.java.com/bugreport/"/>
    <property name="java.io.tmpdir" value="/var/folders/p3/sbn3p4k130v78y756598xvh80000gn/T/"/>
    <property name="java.version" value="19.0.1"/>
    <property name="user.dir" value="/Users/muzammilqamar/IdeaProjects/XSpaceWebAutomation"/>
    <property name="os.arch" value="x86_64"/>
    <property name="java.vm.specification.name" value="Java Virtual Machine Specification"/>
    <property name="native.encoding" value="UTF-8"/>
    <property name="java.library.path" value="/Users/muzammilqamar/Library/Java/Extensions:/Library/Java/Extensions:/Network/Library/Java/Extensions:/System/Library/Java/Extensions:/usr/lib/java:."/>
    <property name="java.vm.info" value="mixed mode, sharing"/>
    <property name="stderr.encoding" value="UTF-8"/>
    <property name="java.vendor" value="Oracle Corporation"/>
    <property name="java.vm.version" value="19.0.1+10-21"/>
    <property name="sun.io.unicode.encoding" value="UnicodeBig"/>
    <property name="java.class.version" value="63.0"/>
  </properties>
  <testcase name="XSpace_Setup" classname="XSpace_Regression.MainSuite" time="40.552">
    <failure message="Expected condition failed: waiting for element to be clickable: By.xpath: //*[@class=&apos;entry-link&apos;] (tried for 30 second(s) with 500 milliseconds interval)" type="org.openqa.selenium.TimeoutException"><![CDATA[org.openqa.selenium.TimeoutException: Expected condition failed: waiting for element to be clickable: By.xpath: //*[@class='entry-link'] (tried for 30 second(s) with 500 milliseconds interval)
	at XSpace_Regression.MainSuite.XSpace_Setup(MainSuite.java:26)
Caused by: org.openqa.selenium.NoSuchWindowException: 
no such window: target window already closed
from unknown error: web view not found
  (Session info: chrome=117.0.5938.92)
Build info: version: '4.8.3', revision: 'e5e76298c3'
System info: os.name: 'Mac OS X', os.arch: 'x86_64', os.version: '12.5', java.version: '19.0.1'
Driver info: org.openqa.selenium.chrome.ChromeDriver
Command: [cb6fc42f150e9e003b1e7d2d472a39c7, findElement {using=xpath, value=//*[@class='entry-link']}]
Capabilities {acceptInsecureCerts: false, browserName: chrome, browserVersion: 117.0.5938.92, chrome: {chromedriverVersion: 117.0.5938.92 (67649b10b92b..., userDataDir: /var/folders/p3/sbn3p4k130v...}, fedcm:accounts: true, goog:chromeOptions: {debuggerAddress: localhost:62703}, networkConnectionEnabled: false, pageLoadStrategy: normal, platformName: MAC, proxy: Proxy(), se:cdp: ws://localhost:62703/devtoo..., se:cdpVersion: 117.0.5938.92, setWindowRect: true, strictFileInteractability: false, timeouts: {implicit: 0, pageLoad: 300000, script: 30000}, unhandledPromptBehavior: dismiss and notify, webauthn:extension:credBlob: true, webauthn:extension:largeBlob: true, webauthn:extension:minPinLength: true, webauthn:extension:prf: true, webauthn:virtualAuthenticators: true}
Session ID: cb6fc42f150e9e003b1e7d2d472a39c7
	at XSpace_Regression.MainSuite.XSpace_Setup(MainSuite.java:26)
]]></failure>
    <system-out><![CDATA[

Current OS is: mac os x


]]></system-out>
    <system-err><![CDATA[SLF4J: Failed to load class "org.slf4j.impl.StaticLoggerBinder".
SLF4J: Defaulting to no-operation (NOP) logger implementation
SLF4J: See http://www.slf4j.org/codes.html#StaticLoggerBinder for further details.
Starting ChromeDriver 117.0.5938.92 (67649b10b92bb182fba357831ef7dd6a1baa5648-refs/branch-heads/5938_62@{#14}) on port 13656
Only local connections are allowed.
Please see https://chromedriver.chromium.org/security-considerations for suggestions on keeping ChromeDriver safe.
ChromeDriver was started successfully.
Nov 27, 2023 6:31:29 PM org.openqa.selenium.devtools.CdpVersionFinder findNearestMatch
WARNING: Unable to find CDP implementation matching 117
Nov 27, 2023 6:31:29 PM org.openqa.selenium.chromium.ChromiumDriver lambda$new$3
WARNING: Unable to find version of CDP to use for . You may need to include a dependency on a specific version of the CDP using something similar to `org.seleniumhq.selenium:selenium-devtools-v86:4.8.3` where the version ("v86") matches the version of the chromium-based browser you're using and the version number of the artifact is the same as Selenium's.
]]></system-err>
  </testcase>
  <testcase name="clickCustomerCenterIcon" classname="XSpace_Regression.MainSuite" time="0">
    <skipped message="Expected condition failed: waiting for element to be clickable: By.xpath: //*[@class=&apos;entry-link&apos;] (tried for 30 second(s) with 500 milliseconds interval)"/>
  </testcase>
  <testcase name="TakeScreenshot" classname="XSpace_Regression.MainSuite" time="0">
    <skipped/>
  </testcase>
  <testcase name="TakeScreenshot" classname="XSpace_Regression.MainSuite" time="0">
    <skipped/>
  </testcase>
  <testcase name="TakeScreenshot" classname="XSpace_Regression.MainSuite" time="0">
    <skipped/>
  </testcase>
  <testcase name="TakeScreenshot" classname="XSpace_Regression.MainSuite" time="0">
    <skipped/>
  </testcase>
  <testcase name="TakeScreenshot" classname="XSpace_Regression.MainSuite" time="0">
    <skipped/>
  </testcase>
  <testcase name="TakeScreenshot" classname="XSpace_Regression.MainSuite" time="0">
    <skipped/>
  </testcase>
  <testcase name="TakeScreenshot" classname="XSpace_Regression.MainSuite" time="0">
    <skipped/>
  </testcase>
  <testcase name="TakeScreenshot" classname="XSpace_Regression.MainSuite" time="0">
    <skipped/>
  </testcase>
  <testcase name="TakeScreenshot" classname="XSpace_Regression.MainSuite" time="0">
    <skipped/>
  </testcase>
  <testcase name="TakeScreenshot" classname="XSpace_Regression.MainSuite" time="0">
    <skipped/>
  </testcase>
  <testcase name="TakeScreenshot" classname="XSpace_Regression.MainSuite" time="0">
    <skipped/>
  </testcase>
  <testcase name="TakeScreenshot" classname="XSpace_Regression.MainSuite" time="0">
    <skipped/>
  </testcase>
  <testcase name="TakeScreenshot" classname="XSpace_Regression.MainSuite" time="0">
    <skipped/>
  </testcase>
  <testcase name="TakeScreenshot" classname="XSpace_Regression.MainSuite" time="0">
    <skipped/>
  </testcase>
  <testcase name="BuyerSelection" classname="XSpace_Regression.MainSuite" time="0">
    <skipped message="Expected condition failed: waiting for element to be clickable: By.xpath: //*[@class=&apos;entry-link&apos;] (tried for 30 second(s) with 500 milliseconds interval)"/>
  </testcase>
  <testcase name="SelectBuyer" classname="XSpace_Regression.MainSuite" time="0">
    <skipped message="Expected condition failed: waiting for element to be clickable: By.xpath: //*[@class=&apos;entry-link&apos;] (tried for 30 second(s) with 500 milliseconds interval)"/>
  </testcase>
  <testcase name="SearchByEmail" classname="XSpace_Regression.MainSuite" time="0">
    <skipped message="Expected condition failed: waiting for element to be clickable: By.xpath: //*[@class=&apos;entry-link&apos;] (tried for 30 second(s) with 500 milliseconds interval)"/>
  </testcase>
  <testcase name="GetWalletInfo" classname="XSpace_Regression.MainSuite" time="0">
    <skipped message="Expected condition failed: waiting for element to be clickable: By.xpath: //*[@class=&apos;entry-link&apos;] (tried for 30 second(s) with 500 milliseconds interval)"/>
  </testcase>
  <testcase name="SearchbyPhoneNumber" classname="XSpace_Regression.MainSuite" time="0">
    <skipped message="Expected condition failed: waiting for element to be clickable: By.xpath: //*[@class=&apos;entry-link&apos;] (tried for 30 second(s) with 500 milliseconds interval)"/>
  </testcase>
  <testcase name="SearchbyUserID" classname="XSpace_Regression.MainSuite" time="0">
    <skipped message="Expected condition failed: waiting for element to be clickable: By.xpath: //*[@class=&apos;entry-link&apos;] (tried for 30 second(s) with 500 milliseconds interval)"/>
  </testcase>
  <testcase name="SearchbyOrderID" classname="XSpace_Regression.MainSuite" time="0">
    <skipped message="Expected condition failed: waiting for element to be clickable: By.xpath: //*[@class=&apos;entry-link&apos;] (tried for 30 second(s) with 500 milliseconds interval)"/>
  </testcase>
  <testcase name="SearchbyItemID" classname="XSpace_Regression.MainSuite" time="0">
    <skipped message="Expected condition failed: waiting for element to be clickable: By.xpath: //*[@class=&apos;entry-link&apos;] (tried for 30 second(s) with 500 milliseconds interval)"/>
  </testcase>
  <testcase name="SearchSOP" classname="XSpace_Regression.MainSuite" time="0">
    <skipped message="Expected condition failed: waiting for element to be clickable: By.xpath: //*[@class=&apos;entry-link&apos;] (tried for 30 second(s) with 500 milliseconds interval)"/>
  </testcase>
  <testcase name="SearchVoucher" classname="XSpace_Regression.MainSuite" time="0">
    <skipped message="Expected condition failed: waiting for element to be clickable: By.xpath: //*[@class=&apos;entry-link&apos;] (tried for 30 second(s) with 500 milliseconds interval)"/>
  </testcase>
  <testcase name="clickCaseCenterIcon" classname="XSpace_Regression.MainSuite" time="0">
    <skipped message="Expected condition failed: waiting for element to be clickable: By.xpath: //*[@class=&apos;entry-link&apos;] (tried for 30 second(s) with 500 milliseconds interval)"/>
  </testcase>
  <testcase name="C360DarazPluginData" classname="XSpace_Regression.MainSuite" time="0">
    <skipped message="Expected condition failed: waiting for element to be clickable: By.xpath: //*[@class=&apos;entry-link&apos;] (tried for 30 second(s) with 500 milliseconds interval)"/>
  </testcase>
  <testcase name="CreateCase" classname="XSpace_Regression.MainSuite" time="0">
    <skipped message="Expected condition failed: waiting for element to be clickable: By.xpath: //*[@class=&apos;entry-link&apos;] (tried for 30 second(s) with 500 milliseconds interval)"/>
  </testcase>
  <testcase name="Browser_close" classname="XSpace_Regression.MainSuite" time="0">
    <skipped/>
  </testcase>
</testsuite>